[20-May-2026 19:59:34 UTC] PHP Warning:  include(C:\Users\User\Desktop\ДЗ ТОП\Бэкенд\ДЗ2\dz2\dz4\dz_project\components/components/menu.php): Failed to open stream: No such file or directory in C:\Users\User\Desktop\ДЗ ТОП\Бэкенд\ДЗ2\dz2\dz4\dz_project\components\calculator.php on line 13
[20-May-2026 19:59:34 UTC] PHP Stack trace:
[20-May-2026 19:59:34 UTC] PHP   1. {main}() C:\Users\User\Desktop\ДЗ ТОП\Бэкенд\ДЗ2\dz2\dz4\dz_project\components\calculator.php:0
[20-May-2026 19:59:34 UTC] PHP Warning:  include(): Failed opening 'C:\Users\User\Desktop\ДЗ ТОП\Бэкенд\ДЗ2\dz2\dz4\dz_project\components/components/menu.php' for inclusion (include_path='.;C:\php\pear') in C:\Users\User\Desktop\ДЗ ТОП\Бэкенд\ДЗ2\dz2\dz4\dz_project\components\calculator.php on line 13
[20-May-2026 19:59:34 UTC] PHP Stack trace:
[20-May-2026 19:59:34 UTC] PHP   1. {main}() C:\Users\User\Desktop\ДЗ ТОП\Бэкенд\ДЗ2\dz2\dz4\dz_project\components\calculator.php:0
[20-May-2026 20:00:03 UTC] PHP Warning:  include(C:\Users\User\Desktop\ДЗ ТОП\Бэкенд\ДЗ2\dz2\dz4\dz_project\components/components/menu.php): Failed to open stream: No such file or directory in C:\Users\User\Desktop\ДЗ ТОП\Бэкенд\ДЗ2\dz2\dz4\dz_project\components\calculator.php on line 13
[20-May-2026 20:00:03 UTC] PHP Stack trace:
[20-May-2026 20:00:03 UTC] PHP   1. {main}() C:\Users\User\Desktop\ДЗ ТОП\Бэкенд\ДЗ2\dz2\dz4\dz_project\components\calculator.php:0
[20-May-2026 20:00:03 UTC] PHP Warning:  include(): Failed opening 'C:\Users\User\Desktop\ДЗ ТОП\Бэкенд\ДЗ2\dz2\dz4\dz_project\components/components/menu.php' for inclusion (include_path='.;C:\php\pear') in C:\Users\User\Desktop\ДЗ ТОП\Бэкенд\ДЗ2\dz2\dz4\dz_project\components\calculator.php on line 13
[20-May-2026 20:00:03 UTC] PHP Stack trace:
[20-May-2026 20:00:03 UTC] PHP   1. {main}() C:\Users\User\Desktop\ДЗ ТОП\Бэкенд\ДЗ2\dz2\dz4\dz_project\components\calculator.php:0
[20-May-2026 20:00:03 UTC] PHP Warning:  include(C:\Users\User\Desktop\ДЗ ТОП\Бэкенд\ДЗ2\dz2\dz4\dz_project\components/components/menu.php): Failed to open stream: No such file or directory in C:\Users\User\Desktop\ДЗ ТОП\Бэкенд\ДЗ2\dz2\dz4\dz_project\components\calculator.php on line 13
[20-May-2026 20:00:03 UTC] PHP Stack trace:
[20-May-2026 20:00:03 UTC] PHP   1. {main}() C:\Users\User\Desktop\ДЗ ТОП\Бэкенд\ДЗ2\dz2\dz4\dz_project\components\calculator.php:0
[20-May-2026 20:00:03 UTC] PHP Warning:  include(): Failed opening 'C:\Users\User\Desktop\ДЗ ТОП\Бэкенд\ДЗ2\dz2\dz4\dz_project\components/components/menu.php' for inclusion (include_path='.;C:\php\pear') in C:\Users\User\Desktop\ДЗ ТОП\Бэкенд\ДЗ2\dz2\dz4\dz_project\components\calculator.php on line 13
[20-May-2026 20:00:03 UTC] PHP Stack trace:
[20-May-2026 20:00:03 UTC] PHP   1. {main}() C:\Users\User\Desktop\ДЗ ТОП\Бэкенд\ДЗ2\dz2\dz4\dz_project\components\calculator.php:0
[20-May-2026 20:00:06 UTC] PHP Warning:  include(C:\Users\User\Desktop\ДЗ ТОП\Бэкенд\ДЗ2\dz2\dz4\dz_project\components/components/menu.php): Failed to open stream: No such file or directory in C:\Users\User\Desktop\ДЗ ТОП\Бэкенд\ДЗ2\dz2\dz4\dz_project\components\calculator.php on line 13
[20-May-2026 20:00:06 UTC] PHP Stack trace:
[20-May-2026 20:00:06 UTC] PHP   1. {main}() C:\Users\User\Desktop\ДЗ ТОП\Бэкенд\ДЗ2\dz2\dz4\dz_project\components\calculator.php:0
[20-May-2026 20:00:06 UTC] PHP Warning:  include(): Failed opening 'C:\Users\User\Desktop\ДЗ ТОП\Бэкенд\ДЗ2\dz2\dz4\dz_project\components/components/menu.php' for inclusion (include_path='.;C:\php\pear') in C:\Users\User\Desktop\ДЗ ТОП\Бэкенд\ДЗ2\dz2\dz4\dz_project\components\calculator.php on line 13
[20-May-2026 20:00:06 UTC] PHP Stack trace:
[20-May-2026 20:00:06 UTC] PHP   1. {main}() C:\Users\User\Desktop\ДЗ ТОП\Бэкенд\ДЗ2\dz2\dz4\dz_project\components\calculator.php:0
[20-May-2026 20:00:13 UTC] PHP Warning:  include(C:\Users\User\Desktop\ДЗ ТОП\Бэкенд\ДЗ2\dz2\dz4\dz_project\components/components/menu.php): Failed to open stream: No such file or directory in C:\Users\User\Desktop\ДЗ ТОП\Бэкенд\ДЗ2\dz2\dz4\dz_project\components\calculator.php on line 13
[20-May-2026 20:00:13 UTC] PHP Stack trace:
[20-May-2026 20:00:13 UTC] PHP   1. {main}() C:\Users\User\Desktop\ДЗ ТОП\Бэкенд\ДЗ2\dz2\dz4\dz_project\components\calculator.php:0
[20-May-2026 20:00:13 UTC] PHP Warning:  include(): Failed opening 'C:\Users\User\Desktop\ДЗ ТОП\Бэкенд\ДЗ2\dz2\dz4\dz_project\components/components/menu.php' for inclusion (include_path='.;C:\php\pear') in C:\Users\User\Desktop\ДЗ ТОП\Бэкенд\ДЗ2\dz2\dz4\dz_project\components\calculator.php on line 13
[20-May-2026 20:00:13 UTC] PHP Stack trace:
[20-May-2026 20:00:13 UTC] PHP   1. {main}() C:\Users\User\Desktop\ДЗ ТОП\Бэкенд\ДЗ2\dz2\dz4\dz_project\components\calculator.php:0
[20-May-2026 20:00:14 UTC] PHP Warning:  include(C:\Users\User\Desktop\ДЗ ТОП\Бэкенд\ДЗ2\dz2\dz4\dz_project\components/components/menu.php): Failed to open stream: No such file or directory in C:\Users\User\Desktop\ДЗ ТОП\Бэкенд\ДЗ2\dz2\dz4\dz_project\components\calculator.php on line 13
[20-May-2026 20:00:14 UTC] PHP Stack trace:
[20-May-2026 20:00:14 UTC] PHP   1. {main}() C:\Users\User\Desktop\ДЗ ТОП\Бэкенд\ДЗ2\dz2\dz4\dz_project\components\calculator.php:0
[20-May-2026 20:00:14 UTC] PHP Warning:  include(): Failed opening 'C:\Users\User\Desktop\ДЗ ТОП\Бэкенд\ДЗ2\dz2\dz4\dz_project\components/components/menu.php' for inclusion (include_path='.;C:\php\pear') in C:\Users\User\Desktop\ДЗ ТОП\Бэкенд\ДЗ2\dz2\dz4\dz_project\components\calculator.php on line 13
[20-May-2026 20:00:14 UTC] PHP Stack trace:
[20-May-2026 20:00:14 UTC] PHP   1. {main}() C:\Users\User\Desktop\ДЗ ТОП\Бэкенд\ДЗ2\dz2\dz4\dz_project\components\calculator.php:0
[20-May-2026 20:00:16 UTC] PHP Warning:  include(C:\Users\User\Desktop\ДЗ ТОП\Бэкенд\ДЗ2\dz2\dz4\dz_project\components/components/menu.php): Failed to open stream: No such file or directory in C:\Users\User\Desktop\ДЗ ТОП\Бэкенд\ДЗ2\dz2\dz4\dz_project\components\calculator.php on line 13
[20-May-2026 20:00:16 UTC] PHP Stack trace:
[20-May-2026 20:00:16 UTC] PHP   1. {main}() C:\Users\User\Desktop\ДЗ ТОП\Бэкенд\ДЗ2\dz2\dz4\dz_project\components\calculator.php:0
[20-May-2026 20:00:16 UTC] PHP Warning:  include(): Failed opening 'C:\Users\User\Desktop\ДЗ ТОП\Бэкенд\ДЗ2\dz2\dz4\dz_project\components/components/menu.php' for inclusion (include_path='.;C:\php\pear') in C:\Users\User\Desktop\ДЗ ТОП\Бэкенд\ДЗ2\dz2\dz4\dz_project\components\calculator.php on line 13
[20-May-2026 20:00:16 UTC] PHP Stack trace:
[20-May-2026 20:00:16 UTC] PHP   1. {main}() C:\Users\User\Desktop\ДЗ ТОП\Бэкенд\ДЗ2\dz2\dz4\dz_project\components\calculator.php:0
[21-May-2026 20:03:42 UTC] PHP Warning:  Undefined variable $x in C:\Users\User\Desktop\ДЗ ТОП\Бэкенд\ДЗ2\dz2\dz4\dz_project\components\calculator.php on line 13
[21-May-2026 20:03:42 UTC] PHP Stack trace:
[21-May-2026 20:03:42 UTC] PHP   1. {main}() C:\Users\User\Desktop\ДЗ ТОП\Бэкенд\ДЗ2\dz2\dz4\dz_project\components\calculator.php:0
[05-Jun-2026 16:48:22 UTC] PHP Warning:  A non-numeric value encountered in C:\Users\User\Desktop\ДЗ ТОП\Бэкенд\ДЗ2\dz2\dz4\dz_project\components\calculator.php on line 27
[05-Jun-2026 16:48:22 UTC] PHP Stack trace:
[05-Jun-2026 16:48:22 UTC] PHP   1. {main}() C:\Users\User\Desktop\ДЗ ТОП\Бэкенд\ДЗ2\dz2\dz4\dz_project\components\calculator.php:0
[05-Jun-2026 16:48:22 UTC] PHP Fatal error:  Uncaught TypeError: htmlspecialchars(): Argument #1 ($string) must be of type string, array given in C:\Users\User\Desktop\ДЗ ТОП\Бэкенд\ДЗ2\dz2\dz4\dz_project\components\calculator.php:75
Stack trace:
#0 C:\Users\User\Desktop\ДЗ ТОП\Бэкенд\ДЗ2\dz2\dz4\dz_project\components\calculator.php(75): htmlspecialchars(Array)
#1 {main}
  thrown in C:\Users\User\Desktop\ДЗ ТОП\Бэкенд\ДЗ2\dz2\dz4\dz_project\components\calculator.php on line 75
[05-Jun-2026 16:48:37 UTC] PHP Warning:  A non-numeric value encountered in C:\Users\User\Desktop\ДЗ ТОП\Бэкенд\ДЗ2\dz2\dz4\dz_project\components\calculator.php on line 27
[05-Jun-2026 16:48:37 UTC] PHP Stack trace:
[05-Jun-2026 16:48:37 UTC] PHP   1. {main}() C:\Users\User\Desktop\ДЗ ТОП\Бэкенд\ДЗ2\dz2\dz4\dz_project\components\calculator.php:0
[05-Jun-2026 16:48:37 UTC] PHP Fatal error:  Uncaught TypeError: htmlspecialchars(): Argument #1 ($string) must be of type string, array given in C:\Users\User\Desktop\ДЗ ТОП\Бэкенд\ДЗ2\dz2\dz4\dz_project\components\calculator.php:75
Stack trace:
#0 C:\Users\User\Desktop\ДЗ ТОП\Бэкенд\ДЗ2\dz2\dz4\dz_project\components\calculator.php(75): htmlspecialchars(Array)
#1 {main}
  thrown in C:\Users\User\Desktop\ДЗ ТОП\Бэкенд\ДЗ2\dz2\dz4\dz_project\components\calculator.php on line 75
[05-Jun-2026 16:48:54 UTC] PHP Fatal error:  Uncaught TypeError: Unsupported operand types: string - string in C:\Users\User\Desktop\ДЗ ТОП\Бэкенд\ДЗ2\dz2\dz4\dz_project\components\calculator.php:30
Stack trace:
#0 {main}
  thrown in C:\Users\User\Desktop\ДЗ ТОП\Бэкенд\ДЗ2\dz2\dz4\dz_project\components\calculator.php on line 30
[05-Jun-2026 16:50:11 UTC] PHP Warning:  A non-numeric value encountered in C:\Users\User\Desktop\ДЗ ТОП\Бэкенд\ДЗ2\dz2\dz4\dz_project\components\calculator.php on line 27
[05-Jun-2026 16:50:11 UTC] PHP Stack trace:
[05-Jun-2026 16:50:11 UTC] PHP   1. {main}() C:\Users\User\Desktop\ДЗ ТОП\Бэкенд\ДЗ2\dz2\dz4\dz_project\components\calculator.php:0
[05-Jun-2026 16:50:11 UTC] PHP Fatal error:  Uncaught TypeError: htmlspecialchars(): Argument #1 ($string) must be of type string, array given in C:\Users\User\Desktop\ДЗ ТОП\Бэкенд\ДЗ2\dz2\dz4\dz_project\components\calculator.php:75
Stack trace:
#0 C:\Users\User\Desktop\ДЗ ТОП\Бэкенд\ДЗ2\dz2\dz4\dz_project\components\calculator.php(75): htmlspecialchars(Array)
#1 {main}
  thrown in C:\Users\User\Desktop\ДЗ ТОП\Бэкенд\ДЗ2\dz2\dz4\dz_project\components\calculator.php on line 75
[05-Jun-2026 16:52:08 UTC] PHP Warning:  A non-numeric value encountered in C:\Users\User\Desktop\ДЗ ТОП\Бэкенд\ДЗ2\dz2\dz4\dz_project\components\calculator.php on line 26
[05-Jun-2026 16:52:08 UTC] PHP Stack trace:
[05-Jun-2026 16:52:08 UTC] PHP   1. {main}() C:\Users\User\Desktop\ДЗ ТОП\Бэкенд\ДЗ2\dz2\dz4\dz_project\components\calculator.php:0
[05-Jun-2026 16:52:08 UTC] PHP Fatal error:  Uncaught TypeError: htmlspecialchars(): Argument #1 ($string) must be of type string, array given in C:\Users\User\Desktop\ДЗ ТОП\Бэкенд\ДЗ2\dz2\dz4\dz_project\components\calculator.php:74
Stack trace:
#0 C:\Users\User\Desktop\ДЗ ТОП\Бэкенд\ДЗ2\dz2\dz4\dz_project\components\calculator.php(74): htmlspecialchars(Array)
#1 {main}
  thrown in C:\Users\User\Desktop\ДЗ ТОП\Бэкенд\ДЗ2\dz2\dz4\dz_project\components\calculator.php on line 74
[05-Jun-2026 16:55:44 UTC] PHP Warning:  A non-numeric value encountered in C:\Users\User\Desktop\ДЗ ТОП\Бэкенд\ДЗ2\dz2\dz4\dz_project\components\calculator.php on line 26
[05-Jun-2026 16:55:44 UTC] PHP Stack trace:
[05-Jun-2026 16:55:44 UTC] PHP   1. {main}() C:\Users\User\Desktop\ДЗ ТОП\Бэкенд\ДЗ2\dz2\dz4\dz_project\components\calculator.php:0
[05-Jun-2026 16:55:44 UTC] PHP Fatal error:  Uncaught TypeError: htmlspecialchars(): Argument #1 ($string) must be of type string, array given in C:\Users\User\Desktop\ДЗ ТОП\Бэкенд\ДЗ2\dz2\dz4\dz_project\components\calculator.php:84
Stack trace:
#0 C:\Users\User\Desktop\ДЗ ТОП\Бэкенд\ДЗ2\dz2\dz4\dz_project\components\calculator.php(84): htmlspecialchars(Array)
#1 {main}
  thrown in C:\Users\User\Desktop\ДЗ ТОП\Бэкенд\ДЗ2\dz2\dz4\dz_project\components\calculator.php on line 84
[05-Jun-2026 16:55:58 UTC] PHP Warning:  A non-numeric value encountered in C:\Users\User\Desktop\ДЗ ТОП\Бэкенд\ДЗ2\dz2\dz4\dz_project\components\calculator.php on line 26
[05-Jun-2026 16:55:58 UTC] PHP Stack trace:
[05-Jun-2026 16:55:58 UTC] PHP   1. {main}() C:\Users\User\Desktop\ДЗ ТОП\Бэкенд\ДЗ2\dz2\dz4\dz_project\components\calculator.php:0
[05-Jun-2026 16:55:58 UTC] PHP Fatal error:  Uncaught TypeError: htmlspecialchars(): Argument #1 ($string) must be of type string, array given in C:\Users\User\Desktop\ДЗ ТОП\Бэкенд\ДЗ2\dz2\dz4\dz_project\components\calculator.php:84
Stack trace:
#0 C:\Users\User\Desktop\ДЗ ТОП\Бэкенд\ДЗ2\dz2\dz4\dz_project\components\calculator.php(84): htmlspecialchars(Array)
#1 {main}
  thrown in C:\Users\User\Desktop\ДЗ ТОП\Бэкенд\ДЗ2\dz2\dz4\dz_project\components\calculator.php on line 84
[05-Jun-2026 16:55:59 UTC] PHP Warning:  A non-numeric value encountered in C:\Users\User\Desktop\ДЗ ТОП\Бэкенд\ДЗ2\dz2\dz4\dz_project\components\calculator.php on line 26
[05-Jun-2026 16:55:59 UTC] PHP Stack trace:
[05-Jun-2026 16:55:59 UTC] PHP   1. {main}() C:\Users\User\Desktop\ДЗ ТОП\Бэкенд\ДЗ2\dz2\dz4\dz_project\components\calculator.php:0
[05-Jun-2026 16:55:59 UTC] PHP Fatal error:  Uncaught TypeError: htmlspecialchars(): Argument #1 ($string) must be of type string, array given in C:\Users\User\Desktop\ДЗ ТОП\Бэкенд\ДЗ2\dz2\dz4\dz_project\components\calculator.php:84
Stack trace:
#0 C:\Users\User\Desktop\ДЗ ТОП\Бэкенд\ДЗ2\dz2\dz4\dz_project\components\calculator.php(84): htmlspecialchars(Array)
#1 {main}
  thrown in C:\Users\User\Desktop\ДЗ ТОП\Бэкенд\ДЗ2\dz2\dz4\dz_project\components\calculator.php on line 84
[05-Jun-2026 16:56:30 UTC] PHP Warning:  A non-numeric value encountered in C:\Users\User\Desktop\ДЗ ТОП\Бэкенд\ДЗ2\dz2\dz4\dz_project\components\calculator.php on line 26
[05-Jun-2026 16:56:30 UTC] PHP Stack trace:
[05-Jun-2026 16:56:30 UTC] PHP   1. {main}() C:\Users\User\Desktop\ДЗ ТОП\Бэкенд\ДЗ2\dz2\dz4\dz_project\components\calculator.php:0
[05-Jun-2026 16:56:30 UTC] PHP Fatal error:  Uncaught TypeError: htmlspecialchars(): Argument #1 ($string) must be of type string, array given in C:\Users\User\Desktop\ДЗ ТОП\Бэкенд\ДЗ2\dz2\dz4\dz_project\components\calculator.php:84
Stack trace:
#0 C:\Users\User\Desktop\ДЗ ТОП\Бэкенд\ДЗ2\dz2\dz4\dz_project\components\calculator.php(84): htmlspecialchars(Array)
#1 {main}
  thrown in C:\Users\User\Desktop\ДЗ ТОП\Бэкенд\ДЗ2\dz2\dz4\dz_project\components\calculator.php on line 84
[05-Jun-2026 16:56:31 UTC] PHP Warning:  A non-numeric value encountered in C:\Users\User\Desktop\ДЗ ТОП\Бэкенд\ДЗ2\dz2\dz4\dz_project\components\calculator.php on line 26
[05-Jun-2026 16:56:31 UTC] PHP Stack trace:
[05-Jun-2026 16:56:31 UTC] PHP   1. {main}() C:\Users\User\Desktop\ДЗ ТОП\Бэкенд\ДЗ2\dz2\dz4\dz_project\components\calculator.php:0
[05-Jun-2026 16:56:31 UTC] PHP Fatal error:  Uncaught TypeError: htmlspecialchars(): Argument #1 ($string) must be of type string, array given in C:\Users\User\Desktop\ДЗ ТОП\Бэкенд\ДЗ2\dz2\dz4\dz_project\components\calculator.php:84
Stack trace:
#0 C:\Users\User\Desktop\ДЗ ТОП\Бэкенд\ДЗ2\dz2\dz4\dz_project\components\calculator.php(84): htmlspecialchars(Array)
#1 {main}
  thrown in C:\Users\User\Desktop\ДЗ ТОП\Бэкенд\ДЗ2\dz2\dz4\dz_project\components\calculator.php on line 84
[05-Jun-2026 16:56:32 UTC] PHP Warning:  A non-numeric value encountered in C:\Users\User\Desktop\ДЗ ТОП\Бэкенд\ДЗ2\dz2\dz4\dz_project\components\calculator.php on line 26
[05-Jun-2026 16:56:32 UTC] PHP Stack trace:
[05-Jun-2026 16:56:32 UTC] PHP   1. {main}() C:\Users\User\Desktop\ДЗ ТОП\Бэкенд\ДЗ2\dz2\dz4\dz_project\components\calculator.php:0
[05-Jun-2026 16:56:32 UTC] PHP Fatal error:  Uncaught TypeError: htmlspecialchars(): Argument #1 ($string) must be of type string, array given in C:\Users\User\Desktop\ДЗ ТОП\Бэкенд\ДЗ2\dz2\dz4\dz_project\components\calculator.php:84
Stack trace:
#0 C:\Users\User\Desktop\ДЗ ТОП\Бэкенд\ДЗ2\dz2\dz4\dz_project\components\calculator.php(84): htmlspecialchars(Array)
#1 {main}
  thrown in C:\Users\User\Desktop\ДЗ ТОП\Бэкенд\ДЗ2\dz2\dz4\dz_project\components\calculator.php on line 84
[05-Jun-2026 16:57:11 UTC] PHP Warning:  A non-numeric value encountered in C:\Users\User\Desktop\ДЗ ТОП\Бэкенд\ДЗ2\dz2\dz4\dz_project\components\calculator.php on line 26
[05-Jun-2026 16:57:11 UTC] PHP Stack trace:
[05-Jun-2026 16:57:11 UTC] PHP   1. {main}() C:\Users\User\Desktop\ДЗ ТОП\Бэкенд\ДЗ2\dz2\dz4\dz_project\components\calculator.php:0
[05-Jun-2026 16:58:44 UTC] PHP Warning:  A non-numeric value encountered in C:\Users\User\Desktop\ДЗ ТОП\Бэкенд\ДЗ2\dz2\dz4\dz_project\components\calculator.php on line 26
[05-Jun-2026 16:58:44 UTC] PHP Stack trace:
[05-Jun-2026 16:58:44 UTC] PHP   1. {main}() C:\Users\User\Desktop\ДЗ ТОП\Бэкенд\ДЗ2\dz2\dz4\dz_project\components\calculator.php:0
